<?xml version="1.0" encoding="utf-8"?>
<TestRun id="787d5057-95b0-4692-bbbf-b0d54a1ec83f" name="@DESKTOP-T2POFNP 2025-05-31 21:30:07" xmlns="http://microsoft.com/schemas/VisualStudio/TeamTest/2010">
  <Times creation="2025-05-31T21:30:07.7746784-07:00" queuing="2025-05-31T21:30:07.7746784-07:00" start="2025-05-31T21:30:05.4569160-07:00" finish="2025-05-31T21:30:08.0742593-07:00" />
  <TestSettings name="default" id="1205c789-f3ee-4d5f-bf22-0d26931d0765">
    <Deployment runDeploymentRoot="_DESKTOP-T2POFNP_2025-05-31_21_30_07" />
  </TestSettings>
  <Results>
    <UnitTestResult executionId="7e7bd9f4-2cb3-4c7c-b8d6-b8c59e721f57" testId="f8c6486f-1e27-2470-2227-0659ddf8e65b" testName="Models.Test.ModelZooTests.InvalidModelFile_ThrowsException" computerName="DESKTOP-T2POFNP" duration="00:00:00.0035178" startTime="2025-05-31T21:30:07.9650876-07:00" endTime="2025-05-31T21:30:07.9650878-07:00" testType="13cdc9d9-ddb5-4fa4-a97d-d965ccfc6d4b" outcome="Passed" testListId="8c84fa94-04c1-424b-9868-57a2d4851a1d" relativeResultsDirectory="7e7bd9f4-2cb3-4c7c-b8d6-b8c59e721f57" />
    <UnitTestResult executionId="f92b5287-5132-46d6-ba5f-c6a4ed77b28e" testId="29d865c0-07e3-612e-66b0-ea84a3c7643d" testName="Models.Test.ModelZooTests.CanRetrieveSession(model: DbNet18)" computerName="DESKTOP-T2POFNP" duration="00:00:00.3905417" startTime="2025-05-31T21:30:06.8934645-07:00" endTime="2025-05-31T21:30:06.8935450-07:00" testType="13cdc9d9-ddb5-4fa4-a97d-d965ccfc6d4b" outcome="Passed" testListId="8c84fa94-04c1-424b-9868-57a2d4851a1d" relativeResultsDirectory="f92b5287-5132-46d6-ba5f-c6a4ed77b28e" />
    <UnitTestResult executionId="ce0ea2af-a9ab-41d3-8692-56745267cbff" testId="fc57e318-f5d8-618b-8ece-ed62cdb269b7" testName="Models.Test.ModelZooTests.NonExistentModelFile_ThrowsOnnxRuntimeException" computerName="DESKTOP-T2POFNP" duration="00:00:00.0059350" startTime="2025-05-31T21:30:07.9613347-07:00" endTime="2025-05-31T21:30:07.9613351-07:00" testType="13cdc9d9-ddb5-4fa4-a97d-d965ccfc6d4b" outcome="Passed" testListId="8c84fa94-04c1-424b-9868-57a2d4851a1d" relativeResultsDirectory="ce0ea2af-a9ab-41d3-8692-56745267cbff" />
    <UnitTestResult executionId="e9d1001c-9294-4107-87eb-abacf7f2321f" testId="1b24d3a9-3b88-6cfd-e608-f03f6163365b" testName="Models.Test.ModelZooTests.CanRetrieveSession(model: Robust31)" computerName="DESKTOP-T2POFNP" duration="00:00:01.0625087" startTime="2025-05-31T21:30:07.9550582-07:00" endTime="2025-05-31T21:30:07.9550588-07:00" testType="13cdc9d9-ddb5-4fa4-a97d-d965ccfc6d4b" outcome="Passed" testListId="8c84fa94-04c1-424b-9868-57a2d4851a1d" relativeResultsDirectory="e9d1001c-9294-4107-87eb-abacf7f2321f" />
  </Results>
  <TestDefinitions>
    <UnitTest name="Models.Test.ModelZooTests.CanRetrieveSession(model: Robust31)" storage="/home/jimmy/opusflow/src/models.test/bin/debug/net8.0/models.test.dll" id="1b24d3a9-3b88-6cfd-e608-f03f6163365b">
      <Execution id="e9d1001c-9294-4107-87eb-abacf7f2321f" />
      <TestMethod codeBase="/home/jimmy/OpusFlow/Src/Models.Test/bin/Debug/net8.0/Models.Test.dll" adapterTypeName="executor://xunit/VsTestRunner2/netcoreapp" className="Models.Test.ModelZooTests" name="CanRetrieveSession" />
    </UnitTest>
    <UnitTest name="Models.Test.ModelZooTests.InvalidModelFile_ThrowsException" storage="/home/jimmy/opusflow/src/models.test/bin/debug/net8.0/models.test.dll" id="f8c6486f-1e27-2470-2227-0659ddf8e65b">
      <Execution id="7e7bd9f4-2cb3-4c7c-b8d6-b8c59e721f57" />
      <TestMethod codeBase="/home/jimmy/OpusFlow/Src/Models.Test/bin/Debug/net8.0/Models.Test.dll" adapterTypeName="executor://xunit/VsTestRunner2/netcoreapp" className="Models.Test.ModelZooTests" name="InvalidModelFile_ThrowsException" />
    </UnitTest>
    <UnitTest name="Models.Test.ModelZooTests.NonExistentModelFile_ThrowsOnnxRuntimeException" storage="/home/jimmy/opusflow/src/models.test/bin/debug/net8.0/models.test.dll" id="fc57e318-f5d8-618b-8ece-ed62cdb269b7">
      <Execution id="ce0ea2af-a9ab-41d3-8692-56745267cbff" />
      <TestMethod codeBase="/home/jimmy/OpusFlow/Src/Models.Test/bin/Debug/net8.0/Models.Test.dll" adapterTypeName="executor://xunit/VsTestRunner2/netcoreapp" className="Models.Test.ModelZooTests" name="NonExistentModelFile_ThrowsOnnxRuntimeException" />
    </UnitTest>
    <UnitTest name="Models.Test.ModelZooTests.CanRetrieveSession(model: DbNet18)" storage="/home/jimmy/opusflow/src/models.test/bin/debug/net8.0/models.test.dll" id="29d865c0-07e3-612e-66b0-ea84a3c7643d">
      <Execution id="f92b5287-5132-46d6-ba5f-c6a4ed77b28e" />
      <TestMethod codeBase="/home/jimmy/OpusFlow/Src/Models.Test/bin/Debug/net8.0/Models.Test.dll" adapterTypeName="executor://xunit/VsTestRunner2/netcoreapp" className="Models.Test.ModelZooTests" name="CanRetrieveSession" />
    </UnitTest>
  </TestDefinitions>
  <TestEntries>
    <TestEntry testId="f8c6486f-1e27-2470-2227-0659ddf8e65b" executionId="7e7bd9f4-2cb3-4c7c-b8d6-b8c59e721f57" testListId="8c84fa94-04c1-424b-9868-57a2d4851a1d" />
    <TestEntry testId="29d865c0-07e3-612e-66b0-ea84a3c7643d" executionId="f92b5287-5132-46d6-ba5f-c6a4ed77b28e" testListId="8c84fa94-04c1-424b-9868-57a2d4851a1d" />
    <TestEntry testId="fc57e318-f5d8-618b-8ece-ed62cdb269b7" executionId="ce0ea2af-a9ab-41d3-8692-56745267cbff" testListId="8c84fa94-04c1-424b-9868-57a2d4851a1d" />
    <TestEntry testId="1b24d3a9-3b88-6cfd-e608-f03f6163365b" executionId="e9d1001c-9294-4107-87eb-abacf7f2321f" testListId="8c84fa94-04c1-424b-9868-57a2d4851a1d" />
  </TestEntries>
  <TestLists>
    <TestList name="Results Not in a List" id="8c84fa94-04c1-424b-9868-57a2d4851a1d" />
    <TestList name="All Loaded Results" id="19431567-8539-422a-85d7-44ee4e166bda" />
  </TestLists>
  <ResultSummary outcome="Completed">
    <Counters total="4" executed="4" passed="4" failed="0" error="0" timeout="0" aborted="0" inconclusive="0" passedButRunAborted="0" notRunnable="0" notExecuted="0" disconnected="0" warning="0" completed="0" inProgress="0" pending="0" />
    <Output>
      <StdOut>[xUnit.net 00:00:00.00] xUnit.net VSTest Adapter v2.5.3.1+6b60a9e56a (64-bit .NET 8.0.14)
[xUnit.net 00:00:00.09]   Discovering: Models.Test
[xUnit.net 00:00:00.15]   Discovered:  Models.Test
[xUnit.net 00:00:00.15]   Starting:    Models.Test
[xUnit.net 00:00:01.68]   Finished:    Models.Test
</StdOut>
    </Output>
  </ResultSummary>
</TestRun>